  Source.cpp
C:\University\kurs_2\semestr_2\EVM\laba_7\laba_7\Source.cpp(11,2): error C4235: использовано нестандартное расширение: ключевое слово "__asm" данной архитектурой не поддерживается
C:\University\kurs_2\semestr_2\EVM\laba_7\laba_7\Source.cpp(13,3): error C2065: finit: необъявленный идентификатор
C:\University\kurs_2\semestr_2\EVM\laba_7\laba_7\Source.cpp(13,14): error C2065: инициализация: необъявленный идентификатор
C:\University\kurs_2\semestr_2\EVM\laba_7\laba_7\Source.cpp(13,41): error C2146: синтаксическая ошибка: отсутствие ";" перед идентификатором "сопроцессора"
C:\University\kurs_2\semestr_2\EVM\laba_7\laba_7\Source.cpp(13,41): error C2065: сопроцессора: необъявленный идентификатор
C:\University\kurs_2\semestr_2\EVM\laba_7\laba_7\Source.cpp(14,3): error C2146: синтаксическая ошибка: отсутствие ";" перед идентификатором "jmp"
C:\University\kurs_2\semestr_2\EVM\laba_7\laba_7\Source.cpp(14,3): error C2065: jmp: необъявленный идентификатор
C:\University\kurs_2\semestr_2\EVM\laba_7\laba_7\Source.cpp(14,7): error C2146: синтаксическая ошибка: отсутствие ";" перед идентификатором "For"
C:\University\kurs_2\semestr_2\EVM\laba_7\laba_7\Source.cpp(14,7): error C2065: For: необъявленный идентификатор
C:\University\kurs_2\semestr_2\EVM\laba_7\laba_7\Source.cpp(16,3): error C2146: синтаксическая ошибка: отсутствие ";" перед идентификатором "For"
C:\University\kurs_2\semestr_2\EVM\laba_7\laba_7\Source.cpp(17,3): error C2065: fld: необъявленный идентификатор
C:\University\kurs_2\semestr_2\EVM\laba_7\laba_7\Source.cpp(17,7): error C2146: синтаксическая ошибка: отсутствие ";" перед идентификатором "sum"
C:\University\kurs_2\semestr_2\EVM\laba_7\laba_7\Source.cpp(17,16): error C3861: st: идентификатор не найден
C:\University\kurs_2\semestr_2\EVM\laba_7\laba_7\Source.cpp(18,3): error C2146: синтаксическая ошибка: отсутствие ";" перед идентификатором "fld"
C:\University\kurs_2\semestr_2\EVM\laba_7\laba_7\Source.cpp(18,3): error C2065: fld: необъявленный идентификатор
C:\University\kurs_2\semestr_2\EVM\laba_7\laba_7\Source.cpp(18,7): error C2146: синтаксическая ошибка: отсутствие ";" перед идентификатором "one"
C:\University\kurs_2\semestr_2\EVM\laba_7\laba_7\Source.cpp(18,16): error C3861: st: идентификатор не найден
C:\University\kurs_2\semestr_2\EVM\laba_7\laba_7\Source.cpp(18,31): error C3861: st: идентификатор не найден
C:\University\kurs_2\semestr_2\EVM\laba_7\laba_7\Source.cpp(19,3): error C2146: синтаксическая ошибка: отсутствие ";" перед идентификатором "fld"
C:\University\kurs_2\semestr_2\EVM\laba_7\laba_7\Source.cpp(19,3): error C2065: fld: необъявленный идентификатор
C:\University\kurs_2\semestr_2\EVM\laba_7\laba_7\Source.cpp(19,7): error C2146: синтаксическая ошибка: отсутствие ";" перед идентификатором "two"
C:\University\kurs_2\semestr_2\EVM\laba_7\laba_7\Source.cpp(19,16): error C3861: st: идентификатор не найден
C:\University\kurs_2\semestr_2\EVM\laba_7\laba_7\Source.cpp(19,31): error C3861: st: идентификатор не найден
C:\University\kurs_2\semestr_2\EVM\laba_7\laba_7\Source.cpp(19,44): error C3861: st: идентификатор не найден
C:\University\kurs_2\semestr_2\EVM\laba_7\laba_7\Source.cpp(20,3): error C2146: синтаксическая ошибка: отсутствие ";" перед идентификатором "fld"
C:\University\kurs_2\semestr_2\EVM\laba_7\laba_7\Source.cpp(20,3): error C2065: fld: необъявленный идентификатор
C:\University\kurs_2\semestr_2\EVM\laba_7\laba_7\Source.cpp(20,7): error C2146: синтаксическая ошибка: отсутствие ";" перед идентификатором "k"
C:\University\kurs_2\semestr_2\EVM\laba_7\laba_7\Source.cpp(20,14): error C3861: st: идентификатор не найден
C:\University\kurs_2\semestr_2\EVM\laba_7\laba_7\Source.cpp(20,29): error C3861: st: идентификатор не найден
C:\University\kurs_2\semestr_2\EVM\laba_7\laba_7\Source.cpp(20,42): error C3861: st: идентификатор не найден
C:\University\kurs_2\semestr_2\EVM\laba_7\laba_7\Source.cpp(20,60): error C3861: st: идентификатор не найден
C:\University\kurs_2\semestr_2\EVM\laba_7\laba_7\Source.cpp(21,3): error C2146: синтаксическая ошибка: отсутствие ";" перед идентификатором "fmul"
C:\University\kurs_2\semestr_2\EVM\laba_7\laba_7\Source.cpp(21,3): error C2065: fmul: необъявленный идентификатор
C:\University\kurs_2\semestr_2\EVM\laba_7\laba_7\Source.cpp(21,13): error C3861: st: идентификатор не найден
C:\University\kurs_2\semestr_2\EVM\laba_7\laba_7\Source.cpp(21,28): error C3861: st: идентификатор не найден
C:\University\kurs_2\semestr_2\EVM\laba_7\laba_7\Source.cpp(21,41): error C3861: st: идентификатор не найден
C:\University\kurs_2\semestr_2\EVM\laba_7\laba_7\Source.cpp(22,3): error C2146: синтаксическая ошибка: отсутствие ";" перед идентификатором "fld"
C:\University\kurs_2\semestr_2\EVM\laba_7\laba_7\Source.cpp(22,3): error C2065: fld: необъявленный идентификатор
C:\University\kurs_2\semestr_2\EVM\laba_7\laba_7\Source.cpp(22,7): error C2146: синтаксическая ошибка: отсутствие ";" перед идентификатором "one"
C:\University\kurs_2\semestr_2\EVM\laba_7\laba_7\Source.cpp(22,16): error C3861: st: идентификатор не найден
C:\University\kurs_2\semestr_2\EVM\laba_7\laba_7\Source.cpp(22,31): error C3861: st: идентификатор не найден
C:\University\kurs_2\semestr_2\EVM\laba_7\laba_7\Source.cpp(22,44): error C3861: st: идентификатор не найден
C:\University\kurs_2\semestr_2\EVM\laba_7\laba_7\Source.cpp(22,65): error C3861: st: идентификатор не найден
C:\University\kurs_2\semestr_2\EVM\laba_7\laba_7\Source.cpp(23,3): error C2146: синтаксическая ошибка: отсутствие ";" перед идентификатором "fadd"
C:\University\kurs_2\semestr_2\EVM\laba_7\laba_7\Source.cpp(23,3): error C2065: fadd: необъявленный идентификатор
C:\University\kurs_2\semestr_2\EVM\laba_7\laba_7\Source.cpp(23,13): error C3861: st: идентификатор не найден
C:\University\kurs_2\semestr_2\EVM\laba_7\laba_7\Source.cpp(23,28): error C3861: st: идентификатор не найден
C:\University\kurs_2\semestr_2\EVM\laba_7\laba_7\Source.cpp(23,41): error C3861: st: идентификатор не найден
C:\University\kurs_2\semestr_2\EVM\laba_7\laba_7\Source.cpp(24,3): error C2146: синтаксическая ошибка: отсутствие ";" перед идентификатором "fld"
C:\University\kurs_2\semestr_2\EVM\laba_7\laba_7\Source.cpp(24,3): error C2065: fld: необъявленный идентификатор
C:\University\kurs_2\semestr_2\EVM\laba_7\laba_7\Source.cpp(24,7): error C2146: синтаксическая ошибка: отсутствие ";" перед идентификатором "pow_x"
C:\University\kurs_2\semestr_2\EVM\laba_7\laba_7\Source.cpp(24,17): error C3861: st: идентификатор не найден
C:\University\kurs_2\semestr_2\EVM\laba_7\laba_7\Source.cpp(24,32): error C3861: st: идентификатор не найден
C:\University\kurs_2\semestr_2\EVM\laba_7\laba_7\Source.cpp(24,45): error C3861: st: идентификатор не найден
C:\University\kurs_2\semestr_2\EVM\laba_7\laba_7\Source.cpp(24,69): error C3861: st: идентификатор не найден
C:\University\kurs_2\semestr_2\EVM\laba_7\laba_7\Source.cpp(24,81): error C3688: недопустимый литеральный суффикс "k"; не удалось найти литеральный оператор или шаблон литерального оператора "operator ""k"
C:\University\kurs_2\semestr_2\EVM\laba_7\laba_7\Source.cpp(25,3): error C2146: синтаксическая ошибка: отсутствие ";" перед идентификатором "fld"
C:\University\kurs_2\semestr_2\EVM\laba_7\laba_7\Source.cpp(25,3): error C2065: fld: необъявленный идентификатор
C:\University\kurs_2\semestr_2\EVM\laba_7\laba_7\Source.cpp(25,7): error C2146: синтаксическая ошибка: отсутствие ";" перед идентификатором "x"
C:\University\kurs_2\semestr_2\EVM\laba_7\laba_7\Source.cpp(25,14): error C3861: st: идентификатор не найден
C:\University\kurs_2\semestr_2\EVM\laba_7\laba_7\Source.cpp(25,29): error C3861: st: идентификатор не найден
C:\University\kurs_2\semestr_2\EVM\laba_7\laba_7\Source.cpp(25,42): error C3861: st: идентификатор не найден
C:\University\kurs_2\semestr_2\EVM\laba_7\laba_7\Source.cpp(25,66): error C3861: st: идентификатор не найден
C:\University\kurs_2\semestr_2\EVM\laba_7\laba_7\Source.cpp(25,78): error C3688: недопустимый литеральный суффикс "k"; не удалось найти литеральный оператор или шаблон литерального оператора "operator ""k"
C:\University\kurs_2\semestr_2\EVM\laba_7\laba_7\Source.cpp(25,88): error C3861: st: идентификатор не найден
C:\University\kurs_2\semestr_2\EVM\laba_7\laba_7\Source.cpp(26,3): error C2146: синтаксическая ошибка: отсутствие ";" перед идентификатором "fld"
C:\University\kurs_2\semestr_2\EVM\laba_7\laba_7\Source.cpp(26,3): error C2065: fld: необъявленный идентификатор
C:\University\kurs_2\semestr_2\EVM\laba_7\laba_7\Source.cpp(26,7): error C2146: синтаксическая ошибка: отсутствие ";" перед идентификатором "x"
C:\University\kurs_2\semestr_2\EVM\laba_7\laba_7\Source.cpp(26,14): error C3861: st: идентификатор не найден
C:\University\kurs_2\semestr_2\EVM\laba_7\laba_7\Source.cpp(26,29): error C3861: st: идентификатор не найден
C:\University\kurs_2\semestr_2\EVM\laba_7\laba_7\Source.cpp(26,42): error C3861: st: идентификатор не найден
C:\University\kurs_2\semestr_2\EVM\laba_7\laba_7\Source.cpp(26,66): error C3861: st: идентификатор не найден
C:\University\kurs_2\semestr_2\EVM\laba_7\laba_7\Source.cpp(26,78): error C3688: недопустимый литеральный суффикс "k"; не удалось найти литеральный оператор или шаблон литерального оператора "operator ""k"
C:\University\kurs_2\semestr_2\EVM\laba_7\laba_7\Source.cpp(26,88): error C3861: st: идентификатор не найден
C:\University\kurs_2\semestr_2\EVM\laba_7\laba_7\Source.cpp(26,101): error C3861: st: идентификатор не найден
C:\University\kurs_2\semestr_2\EVM\laba_7\laba_7\Source.cpp(27,3): error C2146: синтаксическая ошибка: отсутствие ";" перед идентификатором "fmul"
C:\University\kurs_2\semestr_2\EVM\laba_7\laba_7\Source.cpp(27,3): error C2065: fmul: необъявленный идентификатор
C:\University\kurs_2\semestr_2\EVM\laba_7\laba_7\Source.cpp(27,13): error C3861: st: идентификатор не найден
C:\University\kurs_2\semestr_2\EVM\laba_7\laba_7\Source.cpp(27,28): error C3861: st: идентификатор не найден
C:\University\kurs_2\semestr_2\EVM\laba_7\laba_7\Source.cpp(27,41): error C3861: st: идентификатор не найден
C:\University\kurs_2\semestr_2\EVM\laba_7\laba_7\Source.cpp(27,65): error C3861: st: идентификатор не найден
C:\University\kurs_2\semestr_2\EVM\laba_7\laba_7\Source.cpp(27,77): error C3688: недопустимый литеральный суффикс "k"; не удалось найти литеральный оператор или шаблон литерального оператора "operator ""k"
C:\University\kurs_2\semestr_2\EVM\laba_7\laba_7\Source.cpp(27,87): error C3861: st: идентификатор не найден
C:\University\kurs_2\semestr_2\EVM\laba_7\laba_7\Source.cpp(28,3): error C2146: синтаксическая ошибка: отсутствие ";" перед идентификатором "fmul"
C:\University\kurs_2\semestr_2\EVM\laba_7\laba_7\Source.cpp(28,3): error C2065: fmul: необъявленный идентификатор
C:\University\kurs_2\semestr_2\EVM\laba_7\laba_7\Source.cpp(28,13): error C3861: st: идентификатор не найден
C:\University\kurs_2\semestr_2\EVM\laba_7\laba_7\Source.cpp(28,28): error C3861: st: идентификатор не найден
C:\University\kurs_2\semestr_2\EVM\laba_7\laba_7\Source.cpp(28,41): error C3861: st: идентификатор не найден
C:\University\kurs_2\semestr_2\EVM\laba_7\laba_7\Source.cpp(28,65): error C3861: st: идентификатор не найден
C:\University\kurs_2\semestr_2\EVM\laba_7\laba_7\Source.cpp(28,77): error C3688: недопустимый литеральный суффикс "k"; не удалось найти литеральный оператор или шаблон литерального оператора "operator ""k"
C:\University\kurs_2\semestr_2\EVM\laba_7\laba_7\Source.cpp(29,3): error C2146: синтаксическая ошибка: отсутствие ";" перед идентификатором "fmul"
C:\University\kurs_2\semestr_2\EVM\laba_7\laba_7\Source.cpp(29,3): error C2065: fmul: необъявленный идентификатор
C:\University\kurs_2\semestr_2\EVM\laba_7\laba_7\Source.cpp(29,13): error C3861: st: идентификатор не найден
C:\University\kurs_2\semestr_2\EVM\laba_7\laba_7\Source.cpp(29,28): error C3861: st: идентификатор не найден
C:\University\kurs_2\semestr_2\EVM\laba_7\laba_7\Source.cpp(29,41): error C3861: st: идентификатор не найден
C:\University\kurs_2\semestr_2\EVM\laba_7\laba_7\Source.cpp(29,67): error C3688: недопустимый литеральный суффикс "k"; не удалось найти литеральный оператор или шаблон литерального оператора "operator ""k"
C:\University\kurs_2\semestr_2\EVM\laba_7\laba_7\Source.cpp(30,3): error C2146: синтаксическая ошибка: отсутствие ";" перед идентификатором "fdiv"
C:\University\kurs_2\semestr_2\EVM\laba_7\laba_7\Source.cpp(30,3): error C2065: fdiv: необъявленный идентификатор
C:\University\kurs_2\semestr_2\EVM\laba_7\laba_7\Source.cpp(30,13): error C3861: st: идентификатор не найден
C:\University\kurs_2\semestr_2\EVM\laba_7\laba_7\Source.cpp(30,28): error C3861: st: идентификатор не найден
C:\University\kurs_2\semestr_2\EVM\laba_7\laba_7\Source.cpp(30,61): error C3688: недопустимый литеральный суффикс "k"; не удалось найти литеральный оператор или шаблон литерального оператора "operator ""k"
C:\University\kurs_2\semestr_2\EVM\laba_7\laba_7\Source.cpp(31,3): error C2146: синтаксическая ошибка: отсутствие ";" перед идентификатором "fld"
C:\University\kurs_2\semestr_2\EVM\laba_7\laba_7\Source.cpp(31,7): fatal  error C1003: число ошибок превышает 100; остановка компиляции
